Building DAG of jobs...
Using shell: /bin/bash
Provided cores: 1
Rules claiming more threads will be scaled down.
Job counts:
	count	jobs
	1	all
	1	make_map
	2

[Wed Apr 24 17:26:06 2019]
rule make_map:
    input: data/xarray/xr_7700b_grid.nc, data/xarray/xr_7701b_grid.nc, data/xarray/xr_7779a_grid.nc, data/xarray/xr_7780b_grid.nc, data/xarray/xr_7781a_grid.nc, data/xarray/xr_7782b_grid.nc, data/xarray/xr_7783a_grid.nc, data/xarray/xr_7784b_grid.nc, data/xarray/xr_7785b_grid.nc, data/xarray/xr_7786a_grid.nc, data/xarray/xr_7786b_grid.nc, data/xarray/xr_7787a_grid.nc, data/xarray/xr_7788a_grid.nc
    output: figures/float_traj.pdf
    jobid: 14

[Wed Apr 24 17:26:07 2019]
Finished job 14.
1 of 2 steps (50%) done

[Wed Apr 24 17:26:07 2019]
localrule all:
    input: data/xarray/xr_7700b_grid.nc, data/xarray/xr_7701b_grid.nc, data/xarray/xr_7779a_grid.nc, data/xarray/xr_7780b_grid.nc, data/xarray/xr_7781a_grid.nc, data/xarray/xr_7782b_grid.nc, data/xarray/xr_7783a_grid.nc, data/xarray/xr_7784b_grid.nc, data/xarray/xr_7785b_grid.nc, data/xarray/xr_7786a_grid.nc, data/xarray/xr_7786b_grid.nc, data/xarray/xr_7787a_grid.nc, data/xarray/xr_7788a_grid.nc, figures/float_traj.pdf
    jobid: 0

[Wed Apr 24 17:26:07 2019]
Finished job 0.
2 of 2 steps (100%) done
Complete log: /Users/sebastian/Dropbox (MIT)/postdoc/.snakemake/log/2019-04-24T172606.532961.snakemake.log
