Building DAG of jobs...
Using shell: /bin/bash
Provided cores: 1
Rules claiming more threads will be scaled down.
Job counts:
	count	jobs
	1	all
	13	convert_mat_files
	14

[Tue Apr 23 17:48:04 2019]
rule convert_mat_files:
    input: /Users/sebastian/Dropbox (MIT)/postdoc/data/NIWmatdata/7781a_grid.mat
    output: /Users/sebastian/Dropbox (MIT)/postdoc/data/xarray/xr_7781a_grid.nc
    jobid: 5
    wildcards: dataset=7781a

[Tue Apr 23 17:48:05 2019]
Error in rule convert_mat_files:
    jobid: 5
    output: /Users/sebastian/Dropbox (MIT)/postdoc/data/xarray/xr_7781a_grid.nc

Shutting down, this might take some time.
Exiting because a job execution failed. Look above for error message
Complete log: /Users/sebastian/Dropbox (MIT)/postdoc/.snakemake/log/2019-04-23T174803.956222.snakemake.log
