Building DAG of jobs...
Using shell: /bin/bash
Provided cores: 1
Rules claiming more threads will be scaled down.
Job counts:
	count	jobs
	1	all
	1	map
	2

[Tue Apr 23 18:30:31 2019]
rule map:
    input: data/xarray/xr_7700b_grid.nc, data/xarray/xr_7701b_grid.nc, data/xarray/xr_7779a_grid.nc, data/xarray/xr_7780b_grid.nc, data/xarray/xr_7781a_grid.nc, data/xarray/xr_7782b_grid.nc, data/xarray/xr_7783a_grid.nc, data/xarray/xr_7784b_grid.nc, data/xarray/xr_7785b_grid.nc, data/xarray/xr_7786a_grid.nc, data/xarray/xr_7786b_grid.nc, data/xarray/xr_7787a_grid.nc, data/xarray/xr_7788a_grid.nc
    output: figures/float_trajectories.pdf
    jobid: 14

Waiting at most 5 seconds for missing files.
MissingOutputException in line 17 of /Users/sebastian/Dropbox (MIT)/postdoc/Snakefile:
Missing files after 5 seconds:
figures/float_trajectories.pdf
This might be due to filesystem latency. If that is the case, consider to increase the wait time with --latency-wait.
Shutting down, this might take some time.
Exiting because a job execution failed. Look above for error message
Complete log: /Users/sebastian/Dropbox (MIT)/postdoc/.snakemake/log/2019-04-23T183031.487109.snakemake.log
