Building DAG of jobs...
Using shell: /bin/bash
Provided cores: 1
Rules claiming more threads will be scaled down.
Job counts:
	count	jobs
	1	convert_mat_files
	1

[Mon Apr 22 18:08:01 2019]
rule convert_mat_files:
    input: data/NIWmatdata/7784b_grid.mat, data/NIWmatdata/7786a_grid.mat, data/NIWmatdata/7782b_grid.mat, data/NIWmatdata/7781a_grid.mat, data/NIWmatdata/7785b_grid.mat, data/NIWmatdata/7787a_grid.mat, data/NIWmatdata/7786b_grid.mat, data/NIWmatdata/7700b_grid.mat, data/NIWmatdata/7780b_grid.mat, data/NIWmatdata/7783a_grid.mat, data/NIWmatdata/7701b_grid.mat, data/NIWmatdata/7779a_grid.mat, data/NIWmatdata/7788a_grid.mat
    output: data/xarray/7784b_.nc, data/xarray/7786a_.nc, data/xarray/7782b_.nc, data/xarray/7781a_.nc, data/xarray/7785b_.nc, data/xarray/7787a_.nc, data/xarray/7786b_.nc, data/xarray/7700b_.nc, data/xarray/7780b_.nc, data/xarray/7783a_.nc, data/xarray/7701b_.nc, data/xarray/7779a_.nc, data/xarray/7788a_.nc
    jobid: 0

Waiting at most 5 seconds for missing files.
MissingOutputException in line 3 of /Users/sebastian/Dropbox (MIT)/postdoc/Snakefile:
Missing files after 5 seconds:
data/xarray/7786a_.nc
data/xarray/7782b_.nc
data/xarray/7781a_.nc
data/xarray/7785b_.nc
data/xarray/7787a_.nc
data/xarray/7786b_.nc
data/xarray/7700b_.nc
data/xarray/7780b_.nc
data/xarray/7783a_.nc
data/xarray/7701b_.nc
data/xarray/7779a_.nc
data/xarray/7788a_.nc
This might be due to filesystem latency. If that is the case, consider to increase the wait time with --latency-wait.
Removing output files of failed job convert_mat_files since they might be corrupted:
data/xarray/7784b_.nc
Shutting down, this might take some time.
Exiting because a job execution failed. Look above for error message
Complete log: /Users/sebastian/Dropbox (MIT)/postdoc/.snakemake/log/2019-04-22T180801.210375.snakemake.log
