Building DAG of jobs...
Using shell: /bin/bash
Provided cores: 1
Rules claiming more threads will be scaled down.
Job counts:
	count	jobs
	1	convert_mat_files
	1

[Tue Apr 23 15:04:27 2019]
rule convert_mat_files:
    input: data/NIWmatdata/7700b_grid.mat
    output: data/xarray/xr_7700b_grid.nc
    jobid: 0

[Tue Apr 23 15:04:27 2019]
Error in rule convert_mat_files:
    jobid: 0
    output: data/xarray/xr_7700b_grid.nc

Shutting down, this might take some time.
Exiting because a job execution failed. Look above for error message
Complete log: /Users/sebastian/Dropbox (MIT)/postdoc/.snakemake/log/2019-04-23T150427.145458.snakemake.log
