Building DAG of jobs...
Using shell: /bin/bash
Provided cores: 1
Rules claiming more threads will be scaled down.
Job counts:
	count	jobs
	1	all
	13	convert_mat_files
	1	make_map_all
	15

[Wed Apr 24 18:48:52 2019]
rule convert_mat_files:
    input: data/NIWmatdata/7781a_grid.mat
    output: data/xarray/xr_7781a_grid.nc
    jobid: 5
    wildcards: float=7781a

[Wed Apr 24 18:48:55 2019]
Finished job 5.
1 of 15 steps (7%) done

[Wed Apr 24 18:48:55 2019]
rule convert_mat_files:
    input: data/NIWmatdata/7786a_grid.mat
    output: data/xarray/xr_7786a_grid.nc
    jobid: 10
    wildcards: float=7786a

[Wed Apr 24 18:48:57 2019]
Finished job 10.
2 of 15 steps (13%) done

[Wed Apr 24 18:48:57 2019]
rule convert_mat_files:
    input: data/NIWmatdata/7786b_grid.mat
    output: data/xarray/xr_7786b_grid.nc
    jobid: 11
    wildcards: float=7786b

[Wed Apr 24 18:49:00 2019]
Finished job 11.
3 of 15 steps (20%) done

[Wed Apr 24 18:49:00 2019]
rule convert_mat_files:
    input: data/NIWmatdata/7780b_grid.mat
    output: data/xarray/xr_7780b_grid.nc
    jobid: 4
    wildcards: float=7780b

[Wed Apr 24 18:49:04 2019]
Finished job 4.
4 of 15 steps (27%) done

[Wed Apr 24 18:49:04 2019]
rule convert_mat_files:
    input: data/NIWmatdata/7779a_grid.mat
    output: data/xarray/xr_7779a_grid.nc
    jobid: 3
    wildcards: float=7779a

[Wed Apr 24 18:49:06 2019]
Finished job 3.
5 of 15 steps (33%) done

[Wed Apr 24 18:49:06 2019]
rule convert_mat_files:
    input: data/NIWmatdata/7784b_grid.mat
    output: data/xarray/xr_7784b_grid.nc
    jobid: 8
    wildcards: float=7784b

[Wed Apr 24 18:49:09 2019]
Finished job 8.
6 of 15 steps (40%) done

[Wed Apr 24 18:49:09 2019]
rule convert_mat_files:
    input: data/NIWmatdata/7788a_grid.mat
    output: data/xarray/xr_7788a_grid.nc
    jobid: 13
    wildcards: float=7788a

[Wed Apr 24 18:49:11 2019]
Finished job 13.
7 of 15 steps (47%) done

[Wed Apr 24 18:49:11 2019]
rule convert_mat_files:
    input: data/NIWmatdata/7783a_grid.mat
    output: data/xarray/xr_7783a_grid.nc
    jobid: 7
    wildcards: float=7783a

[Wed Apr 24 18:49:14 2019]
Finished job 7.
8 of 15 steps (53%) done

[Wed Apr 24 18:49:14 2019]
rule convert_mat_files:
    input: data/NIWmatdata/7785b_grid.mat
    output: data/xarray/xr_7785b_grid.nc
    jobid: 9
    wildcards: float=7785b

[Wed Apr 24 18:49:17 2019]
Finished job 9.
9 of 15 steps (60%) done

[Wed Apr 24 18:49:17 2019]
rule convert_mat_files:
    input: data/NIWmatdata/7787a_grid.mat
    output: data/xarray/xr_7787a_grid.nc
    jobid: 12
    wildcards: float=7787a

[Wed Apr 24 18:49:19 2019]
Finished job 12.
10 of 15 steps (67%) done

[Wed Apr 24 18:49:19 2019]
rule convert_mat_files:
    input: data/NIWmatdata/7700b_grid.mat
    output: data/xarray/xr_7700b_grid.nc
    jobid: 1
    wildcards: float=7700b

[Wed Apr 24 18:49:21 2019]
Finished job 1.
11 of 15 steps (73%) done

[Wed Apr 24 18:49:21 2019]
rule convert_mat_files:
    input: data/NIWmatdata/7701b_grid.mat
    output: data/xarray/xr_7701b_grid.nc
    jobid: 2
    wildcards: float=7701b

[Wed Apr 24 18:49:24 2019]
Finished job 2.
12 of 15 steps (80%) done

[Wed Apr 24 18:49:24 2019]
rule convert_mat_files:
    input: data/NIWmatdata/7782b_grid.mat
    output: data/xarray/xr_7782b_grid.nc
    jobid: 6
    wildcards: float=7782b

[Wed Apr 24 18:49:26 2019]
Finished job 6.
13 of 15 steps (87%) done

[Wed Apr 24 18:49:26 2019]
rule make_map_all:
    input: data/xarray/xr_7700b_grid.nc, data/xarray/xr_7701b_grid.nc, data/xarray/xr_7779a_grid.nc, data/xarray/xr_7780b_grid.nc, data/xarray/xr_7781a_grid.nc, data/xarray/xr_7782b_grid.nc, data/xarray/xr_7783a_grid.nc, data/xarray/xr_7784b_grid.nc, data/xarray/xr_7785b_grid.nc, data/xarray/xr_7786a_grid.nc, data/xarray/xr_7786b_grid.nc, data/xarray/xr_7787a_grid.nc, data/xarray/xr_7788a_grid.nc
    output: figures/float_traj.pdf
    jobid: 14

[Wed Apr 24 18:51:56 2019]
Finished job 14.
14 of 15 steps (93%) done

[Wed Apr 24 18:51:56 2019]
localrule all:
    input: data/xarray/xr_7700b_grid.nc, data/xarray/xr_7701b_grid.nc, data/xarray/xr_7779a_grid.nc, data/xarray/xr_7780b_grid.nc, data/xarray/xr_7781a_grid.nc, data/xarray/xr_7782b_grid.nc, data/xarray/xr_7783a_grid.nc, data/xarray/xr_7784b_grid.nc, data/xarray/xr_7785b_grid.nc, data/xarray/xr_7786a_grid.nc, data/xarray/xr_7786b_grid.nc, data/xarray/xr_7787a_grid.nc, data/xarray/xr_7788a_grid.nc, figures/float_traj.pdf
    jobid: 0

[Wed Apr 24 18:51:56 2019]
Finished job 0.
15 of 15 steps (100%) done
Complete log: /Users/sebastian/Dropbox (MIT)/postdoc/.snakemake/log/2019-04-24T184852.820028.snakemake.log
