Building DAG of jobs...
Using shell: /bin/bash
Provided cores: 1
Rules claiming more threads will be scaled down.
Job counts:
	count	jobs
	1	convert_mat_files
	1

[Mon Apr 22 18:19:04 2019]
rule convert_mat_files:
    input: data/NIWmatdata/7784b_grid.mat, data/NIWmatdata/7786a_grid.mat, data/NIWmatdata/7782b_grid.mat, data/NIWmatdata/7781a_grid.mat, data/NIWmatdata/7785b_grid.mat, data/NIWmatdata/7787a_grid.mat, data/NIWmatdata/7786b_grid.mat, data/NIWmatdata/7700b_grid.mat, data/NIWmatdata/7780b_grid.mat, data/NIWmatdata/7783a_grid.mat, data/NIWmatdata/7701b_grid.mat, data/NIWmatdata/7779a_grid.mat, data/NIWmatdata/7788a_grid.mat
    output: data/xarray/xr_7784b_grid.nc, data/xarray/xr_7786a_grid.nc, data/xarray/xr_7782b_grid.nc, data/xarray/xr_7781a_grid.nc, data/xarray/xr_7785b_grid.nc, data/xarray/xr_7787a_grid.nc, data/xarray/xr_7786b_grid.nc, data/xarray/xr_7700b_grid.nc, data/xarray/xr_7780b_grid.nc, data/xarray/xr_7783a_grid.nc, data/xarray/xr_7701b_grid.nc, data/xarray/xr_7779a_grid.nc, data/xarray/xr_7788a_grid.nc
    jobid: 0

Waiting at most 10 seconds for missing files.
MissingOutputException in line 3 of /Users/sebastian/Dropbox (MIT)/postdoc/Snakefile:
Missing files after 10 seconds:
data/xarray/xr_7786a_grid.nc
data/xarray/xr_7782b_grid.nc
data/xarray/xr_7781a_grid.nc
data/xarray/xr_7785b_grid.nc
data/xarray/xr_7787a_grid.nc
data/xarray/xr_7786b_grid.nc
data/xarray/xr_7700b_grid.nc
data/xarray/xr_7780b_grid.nc
data/xarray/xr_7783a_grid.nc
data/xarray/xr_7701b_grid.nc
data/xarray/xr_7779a_grid.nc
data/xarray/xr_7788a_grid.nc
This might be due to filesystem latency. If that is the case, consider to increase the wait time with --latency-wait.
Removing output files of failed job convert_mat_files since they might be corrupted:
data/xarray/xr_7784b_grid.nc
Shutting down, this might take some time.
Exiting because a job execution failed. Look above for error message
Complete log: /Users/sebastian/Dropbox (MIT)/postdoc/.snakemake/log/2019-04-22T181904.773996.snakemake.log
