Building DAG of jobs...
Using shell: /bin/bash
Provided cores: 1
Rules claiming more threads will be scaled down.
Job counts:
	count	jobs
	1	all
	1	make_map_individual
	2

[Wed Apr 24 18:11:57 2019]
rule make_map_individual:
    input: data/xarray/xr_7700b_grid.nc, data/xarray/xr_7701b_grid.nc, data/xarray/xr_7779a_grid.nc, data/xarray/xr_7780b_grid.nc, data/xarray/xr_7781a_grid.nc, data/xarray/xr_7782b_grid.nc, data/xarray/xr_7783a_grid.nc, data/xarray/xr_7784b_grid.nc, data/xarray/xr_7785b_grid.nc, data/xarray/xr_7786a_grid.nc, data/xarray/xr_7786b_grid.nc, data/xarray/xr_7787a_grid.nc, data/xarray/xr_7788a_grid.nc
    output: figures/float_traj_A.pdf, figures/float_traj_B.pdf
    jobid: 15

[Wed Apr 24 18:14:28 2019]
Error in rule make_map_individual:
    jobid: 15
    output: figures/float_traj_A.pdf, figures/float_traj_B.pdf

Shutting down, this might take some time.
Exiting because a job execution failed. Look above for error message
Complete log: /Users/sebastian/Dropbox (MIT)/postdoc/.snakemake/log/2019-04-24T181157.461807.snakemake.log
