Building DAG of jobs...
Using shell: /bin/bash
Provided cores: 1
Rules claiming more threads will be scaled down.
Job counts:
	count	jobs
	1	all
	1	map
	2

[Tue Apr 23 18:33:50 2019]
rule map:
    input: data/xarray/xr_7700b_grid.nc, data/xarray/xr_7701b_grid.nc, data/xarray/xr_7779a_grid.nc, data/xarray/xr_7780b_grid.nc, data/xarray/xr_7781a_grid.nc, data/xarray/xr_7782b_grid.nc, data/xarray/xr_7783a_grid.nc, data/xarray/xr_7784b_grid.nc, data/xarray/xr_7785b_grid.nc, data/xarray/xr_7786a_grid.nc, data/xarray/xr_7786b_grid.nc, data/xarray/xr_7787a_grid.nc, data/xarray/xr_7788a_grid.nc
    output: figures/float_trajectories.pdf
    jobid: 14

[Tue Apr 23 18:33:52 2019]
Error in rule map:
    jobid: 14
    output: figures/float_trajectories.pdf

Shutting down, this might take some time.
Exiting because a job execution failed. Look above for error message
Complete log: /Users/sebastian/Dropbox (MIT)/postdoc/.snakemake/log/2019-04-23T183349.891384.snakemake.log
