Building DAG of jobs...
Using shell: /bin/bash
Provided cores: 1
Rules claiming more threads will be scaled down.
Job counts:
	count	jobs
	1	all
	13	convert_mat_files
	14

[Tue Apr 23 17:50:10 2019]
rule convert_mat_files:
    input: /Users/sebastian/Dropbox (MIT)/postdoc/data/NIWmatdata/7781a_grid.mat
    output: /Users/sebastian/Dropbox (MIT)/postdoc/data/xarray/xr_7781a_grid.nc
    jobid: 5
    wildcards: dataset=7781a

[Tue Apr 23 17:50:12 2019]
Finished job 5.
1 of 14 steps (7%) done

[Tue Apr 23 17:50:12 2019]
rule convert_mat_files:
    input: /Users/sebastian/Dropbox (MIT)/postdoc/data/NIWmatdata/7786a_grid.mat
    output: /Users/sebastian/Dropbox (MIT)/postdoc/data/xarray/xr_7786a_grid.nc
    jobid: 10
    wildcards: dataset=7786a

[Tue Apr 23 17:50:15 2019]
Finished job 10.
2 of 14 steps (14%) done

[Tue Apr 23 17:50:15 2019]
rule convert_mat_files:
    input: /Users/sebastian/Dropbox (MIT)/postdoc/data/NIWmatdata/7786b_grid.mat
    output: /Users/sebastian/Dropbox (MIT)/postdoc/data/xarray/xr_7786b_grid.nc
    jobid: 11
    wildcards: dataset=7786b

[Tue Apr 23 17:50:17 2019]
Finished job 11.
3 of 14 steps (21%) done

[Tue Apr 23 17:50:17 2019]
rule convert_mat_files:
    input: /Users/sebastian/Dropbox (MIT)/postdoc/data/NIWmatdata/7780b_grid.mat
    output: /Users/sebastian/Dropbox (MIT)/postdoc/data/xarray/xr_7780b_grid.nc
    jobid: 4
    wildcards: dataset=7780b

[Tue Apr 23 17:50:19 2019]
Finished job 4.
4 of 14 steps (29%) done

[Tue Apr 23 17:50:19 2019]
rule convert_mat_files:
    input: /Users/sebastian/Dropbox (MIT)/postdoc/data/NIWmatdata/7779a_grid.mat
    output: /Users/sebastian/Dropbox (MIT)/postdoc/data/xarray/xr_7779a_grid.nc
    jobid: 3
    wildcards: dataset=7779a

[Tue Apr 23 17:50:21 2019]
Finished job 3.
5 of 14 steps (36%) done

[Tue Apr 23 17:50:21 2019]
rule convert_mat_files:
    input: /Users/sebastian/Dropbox (MIT)/postdoc/data/NIWmatdata/7784b_grid.mat
    output: /Users/sebastian/Dropbox (MIT)/postdoc/data/xarray/xr_7784b_grid.nc
    jobid: 8
    wildcards: dataset=7784b

[Tue Apr 23 17:50:24 2019]
Finished job 8.
6 of 14 steps (43%) done

[Tue Apr 23 17:50:24 2019]
rule convert_mat_files:
    input: /Users/sebastian/Dropbox (MIT)/postdoc/data/NIWmatdata/7788a_grid.mat
    output: /Users/sebastian/Dropbox (MIT)/postdoc/data/xarray/xr_7788a_grid.nc
    jobid: 13
    wildcards: dataset=7788a

[Tue Apr 23 17:50:25 2019]
Finished job 13.
7 of 14 steps (50%) done

[Tue Apr 23 17:50:25 2019]
rule convert_mat_files:
    input: /Users/sebastian/Dropbox (MIT)/postdoc/data/NIWmatdata/7783a_grid.mat
    output: /Users/sebastian/Dropbox (MIT)/postdoc/data/xarray/xr_7783a_grid.nc
    jobid: 7
    wildcards: dataset=7783a

[Tue Apr 23 17:50:27 2019]
Finished job 7.
8 of 14 steps (57%) done

[Tue Apr 23 17:50:27 2019]
rule convert_mat_files:
    input: /Users/sebastian/Dropbox (MIT)/postdoc/data/NIWmatdata/7785b_grid.mat
    output: /Users/sebastian/Dropbox (MIT)/postdoc/data/xarray/xr_7785b_grid.nc
    jobid: 9
    wildcards: dataset=7785b

[Tue Apr 23 17:50:29 2019]
Finished job 9.
9 of 14 steps (64%) done

[Tue Apr 23 17:50:29 2019]
rule convert_mat_files:
    input: /Users/sebastian/Dropbox (MIT)/postdoc/data/NIWmatdata/7787a_grid.mat
    output: /Users/sebastian/Dropbox (MIT)/postdoc/data/xarray/xr_7787a_grid.nc
    jobid: 12
    wildcards: dataset=7787a

[Tue Apr 23 17:50:31 2019]
Finished job 12.
10 of 14 steps (71%) done

[Tue Apr 23 17:50:31 2019]
rule convert_mat_files:
    input: /Users/sebastian/Dropbox (MIT)/postdoc/data/NIWmatdata/7700b_grid.mat
    output: /Users/sebastian/Dropbox (MIT)/postdoc/data/xarray/xr_7700b_grid.nc
    jobid: 1
    wildcards: dataset=7700b

[Tue Apr 23 17:50:33 2019]
Finished job 1.
11 of 14 steps (79%) done

[Tue Apr 23 17:50:33 2019]
rule convert_mat_files:
    input: /Users/sebastian/Dropbox (MIT)/postdoc/data/NIWmatdata/7701b_grid.mat
    output: /Users/sebastian/Dropbox (MIT)/postdoc/data/xarray/xr_7701b_grid.nc
    jobid: 2
    wildcards: dataset=7701b

[Tue Apr 23 17:50:35 2019]
Finished job 2.
12 of 14 steps (86%) done

[Tue Apr 23 17:50:35 2019]
rule convert_mat_files:
    input: /Users/sebastian/Dropbox (MIT)/postdoc/data/NIWmatdata/7782b_grid.mat
    output: /Users/sebastian/Dropbox (MIT)/postdoc/data/xarray/xr_7782b_grid.nc
    jobid: 6
    wildcards: dataset=7782b

[Tue Apr 23 17:50:37 2019]
Finished job 6.
13 of 14 steps (93%) done

[Tue Apr 23 17:50:37 2019]
localrule all:
    input: /Users/sebastian/Dropbox (MIT)/postdoc/data/xarray/xr_7700b_grid.nc, /Users/sebastian/Dropbox (MIT)/postdoc/data/xarray/xr_7701b_grid.nc, /Users/sebastian/Dropbox (MIT)/postdoc/data/xarray/xr_7779a_grid.nc, /Users/sebastian/Dropbox (MIT)/postdoc/data/xarray/xr_7780b_grid.nc, /Users/sebastian/Dropbox (MIT)/postdoc/data/xarray/xr_7781a_grid.nc, /Users/sebastian/Dropbox (MIT)/postdoc/data/xarray/xr_7782b_grid.nc, /Users/sebastian/Dropbox (MIT)/postdoc/data/xarray/xr_7783a_grid.nc, /Users/sebastian/Dropbox (MIT)/postdoc/data/xarray/xr_7784b_grid.nc, /Users/sebastian/Dropbox (MIT)/postdoc/data/xarray/xr_7785b_grid.nc, /Users/sebastian/Dropbox (MIT)/postdoc/data/xarray/xr_7786a_grid.nc, /Users/sebastian/Dropbox (MIT)/postdoc/data/xarray/xr_7786b_grid.nc, /Users/sebastian/Dropbox (MIT)/postdoc/data/xarray/xr_7787a_grid.nc, /Users/sebastian/Dropbox (MIT)/postdoc/data/xarray/xr_7788a_grid.nc
    jobid: 0

[Tue Apr 23 17:50:37 2019]
Finished job 0.
14 of 14 steps (100%) done
Complete log: /Users/sebastian/Dropbox (MIT)/postdoc/.snakemake/log/2019-04-23T175010.615312.snakemake.log
