Building DAG of jobs...
Using shell: /bin/bash
Provided cores: 1
Rules claiming more threads will be scaled down.
Job counts:
	count	jobs
	1	convert_mat_files
	1

[Mon Apr 22 17:44:37 2019]
rule convert_mat_files:
    input: data/NIWmatdata/7700b_grid.mat
    output: data/xarray/test.nc
    jobid: 0

[Mon Apr 22 17:44:38 2019]
Error in rule convert_mat_files:
    jobid: 0
    output: data/xarray/test.nc

Shutting down, this might take some time.
Exiting because a job execution failed. Look above for error message
Complete log: /Users/sebastian/Dropbox (MIT)/postdoc/.snakemake/log/2019-04-22T174437.258352.snakemake.log
